This is TeXk, Version 3.14159265 (TeX Live 2016/Debian) (preloaded format=latex209 2016.11.15)  15 NOV 2016 18:28
 restricted \write18 enabled.
 %&-line parsing enabled.
**\documentclass{article}

*
(Please type a command or say `\end')
*
(Please type a command or say `\end')
*
(Please type a command or say `\end')
*
(Please type a command or say `\end')
*\end

*\end
! TeX capacity exceeded, sorry [input stack size=5000].
\end #1->\csname end#1
                      \endcsname \@checkend {#1}\expandafter \endgroup \if@e...

\end #1->\csname end#1\endcsname 
                                 \@checkend {#1}\expandafter \endgroup \if@e...

\end #1->\csname end#1\endcsname 
                                 \@checkend {#1}\expandafter \endgroup \if@e...

\end #1->\csname end#1\endcsname 
                                 \@checkend {#1}\expandafter \endgroup \if@e...

\end #1->\csname end#1\endcsname 
                                 \@checkend {#1}\expandafter \endgroup \if@e...

\end #1->\csname end#1\endcsname 
                                 \@checkend {#1}\expandafter \endgroup \if@e...
...
<*> \end
        
If you really absolutely need more capacity,
you can ask a wizard to enlarge me.

 
Here is how much of TeX's memory you used:
 1 string out of 496914
 10 string characters out of 6211571
 27923 words of memory out of 5000000
 1977 multiletter control sequences out of 15000+600000
 18996 words of font info for 72 fonts, out of 8000000 for 9000
 14 hyphenation exceptions out of 8191
 5000i,0n,5000p,63b,10s stack positions out of 5000i,500n,10000p,200000b,80000s
No pages of output.
